Content-Type: multipart/alternative;
 boundary="===============0566880559504859994=="
MIME-Version: 1.0
Subject: Profile activation
From: test@example.com
To: esx04399@nezid.com
Date: Wed, 16 Nov 2022 14:51:26 -0000
Message-ID: <166861028690.6388.10172612169159451312@DESKTOP-0AENPV9>

--===============0566880559504859994==
Content-Type: text/plain; charset="utf-8"
MIME-Version: 1.0
Content-Transfer-Encoding: 7bit



To activate your profile, please follow this link:

http://127.0.0.1:8000/accounts/activate/m0rJC6i0y7NdvmpsWNDj/

--===============0566880559504859994==
Content-Type: text/html; charset="utf-8"
MIME-Version: 1.0
Content-Transfer-Encoding: 7bit



<!DOCTYPE html PUBLIC "-//W3C//DTD XHTML 1.0 Transitional//EN"
        "http://www.w3.org/TR/xhtml1/DTD/xhtml1-transitional.dtd">
<html xmlns="http://www.w3.org/1999/xhtml">
<head>
    <meta http-equiv="Content-Type" content="text/html; charset=UTF-8"/>
    <title>Profile activation</title>
    <meta name="viewport" content="width=device-width, initial-scale=1.0"/>
</head>

<body>

<p>
    To activate your profile, please follow this link:
</p>

<p>
    <a href="http://127.0.0.1:8000/accounts/activate/m0rJC6i0y7NdvmpsWNDj/">http://127.0.0.1:8000/accounts/activate/m0rJC6i0y7NdvmpsWNDj/</a>
</p>

</body>

</html>

--===============0566880559504859994==--

-------------------------------------------------------------------------------
